[2024-11-07 14:46:19Z INFO HostContext] No proxy settings were found based on environmental variables (http_proxy/https_proxy/HTTP_PROXY/HTTPS_PROXY)
[2024-11-07 14:46:19Z INFO HostContext] Well known directory 'Bin': 'C:\Users\AdMin\Desktop\TP-sonar\actions-runner-win-x64-2.320.0\bin'
[2024-11-07 14:46:19Z INFO HostContext] Well known directory 'Root': 'C:\Users\AdMin\Desktop\TP-sonar\actions-runner-win-x64-2.320.0'
[2024-11-07 14:46:19Z INFO HostContext] Well known config file 'Credentials': 'C:\Users\AdMin\Desktop\TP-sonar\actions-runner-win-x64-2.320.0\.credentials'
[2024-11-07 14:46:19Z INFO HostContext] Well known directory 'Bin': 'C:\Users\AdMin\Desktop\TP-sonar\actions-runner-win-x64-2.320.0\bin'
[2024-11-07 14:46:19Z INFO HostContext] Well known directory 'Root': 'C:\Users\AdMin\Desktop\TP-sonar\actions-runner-win-x64-2.320.0'
[2024-11-07 14:46:19Z INFO HostContext] Well known config file 'Runner': 'C:\Users\AdMin\Desktop\TP-sonar\actions-runner-win-x64-2.320.0\.runner'
[2024-11-07 14:46:19Z INFO Listener] Runner is built for Windows (X64) - win-x64.
[2024-11-07 14:46:19Z INFO Listener] RuntimeInformation: Microsoft Windows 10.0.22000.
[2024-11-07 14:46:19Z INFO Listener] Version: 2.320.0
[2024-11-07 14:46:19Z INFO Listener] Commit: 78f21670b4a58aff19b5189207f54eb2bee324d1
[2024-11-07 14:46:19Z INFO Listener] Culture: ar-MA
[2024-11-07 14:46:19Z INFO Listener] UI Culture: fr-FR
[2024-11-07 14:46:19Z INFO HostContext] Well known directory 'Bin': 'C:\Users\AdMin\Desktop\TP-sonar\actions-runner-win-x64-2.320.0\bin'
[2024-11-07 14:46:19Z INFO HostContext] Well known directory 'Root': 'C:\Users\AdMin\Desktop\TP-sonar\actions-runner-win-x64-2.320.0'
[2024-11-07 14:46:19Z INFO Listener] Validating directory permissions for: 'C:\Users\AdMin\Desktop\TP-sonar\actions-runner-win-x64-2.320.0'
[2024-11-07 14:46:19Z INFO CommandLineParser] Parse
[2024-11-07 14:46:19Z INFO CommandLineParser] Parsing 1 args
[2024-11-07 14:46:19Z INFO CommandLineParser] parsing argument
[2024-11-07 14:46:19Z INFO CommandLineParser] HasArgs: False
[2024-11-07 14:46:19Z INFO CommandLineParser] Adding Command: run
[2024-11-07 14:46:19Z INFO Listener] Arguments parsed
[2024-11-07 14:46:19Z INFO Runner] ExecuteCommand
[2024-11-07 14:46:19Z INFO ConfigurationStore] currentAssemblyLocation: C:\Users\AdMin\Desktop\TP-sonar\actions-runner-win-x64-2.320.0\bin\Runner.Listener.dll
[2024-11-07 14:46:19Z INFO HostContext] Well known directory 'Bin': 'C:\Users\AdMin\Desktop\TP-sonar\actions-runner-win-x64-2.320.0\bin'
[2024-11-07 14:46:19Z INFO ConfigurationStore] binPath: C:\Users\AdMin\Desktop\TP-sonar\actions-runner-win-x64-2.320.0\bin
[2024-11-07 14:46:19Z INFO HostContext] Well known directory 'Bin': 'C:\Users\AdMin\Desktop\TP-sonar\actions-runner-win-x64-2.320.0\bin'
[2024-11-07 14:46:19Z INFO HostContext] Well known directory 'Root': 'C:\Users\AdMin\Desktop\TP-sonar\actions-runner-win-x64-2.320.0'
[2024-11-07 14:46:19Z INFO ConfigurationStore] RootFolder: C:\Users\AdMin\Desktop\TP-sonar\actions-runner-win-x64-2.320.0
[2024-11-07 14:46:19Z INFO HostContext] Well known directory 'Bin': 'C:\Users\AdMin\Desktop\TP-sonar\actions-runner-win-x64-2.320.0\bin'
[2024-11-07 14:46:19Z INFO HostContext] Well known directory 'Root': 'C:\Users\AdMin\Desktop\TP-sonar\actions-runner-win-x64-2.320.0'
[2024-11-07 14:46:19Z INFO HostContext] Well known config file 'Runner': 'C:\Users\AdMin\Desktop\TP-sonar\actions-runner-win-x64-2.320.0\.runner'
[2024-11-07 14:46:19Z INFO ConfigurationStore] ConfigFilePath: C:\Users\AdMin\Desktop\TP-sonar\actions-runner-win-x64-2.320.0\.runner
[2024-11-07 14:46:19Z INFO HostContext] Well known directory 'Bin': 'C:\Users\AdMin\Desktop\TP-sonar\actions-runner-win-x64-2.320.0\bin'
[2024-11-07 14:46:19Z INFO HostContext] Well known directory 'Root': 'C:\Users\AdMin\Desktop\TP-sonar\actions-runner-win-x64-2.320.0'
[2024-11-07 14:46:19Z INFO HostContext] Well known config file 'Credentials': 'C:\Users\AdMin\Desktop\TP-sonar\actions-runner-win-x64-2.320.0\.credentials'
[2024-11-07 14:46:19Z INFO ConfigurationStore] CredFilePath: C:\Users\AdMin\Desktop\TP-sonar\actions-runner-win-x64-2.320.0\.credentials
[2024-11-07 14:46:19Z INFO HostContext] Well known directory 'Bin': 'C:\Users\AdMin\Desktop\TP-sonar\actions-runner-win-x64-2.320.0\bin'
[2024-11-07 14:46:19Z INFO HostContext] Well known directory 'Root': 'C:\Users\AdMin\Desktop\TP-sonar\actions-runner-win-x64-2.320.0'
[2024-11-07 14:46:19Z INFO HostContext] Well known config file 'MigratedCredentials': 'C:\Users\AdMin\Desktop\TP-sonar\actions-runner-win-x64-2.320.0\.credentials_migrated'
[2024-11-07 14:46:19Z INFO ConfigurationStore] MigratedCredFilePath: C:\Users\AdMin\Desktop\TP-sonar\actions-runner-win-x64-2.320.0\.credentials_migrated
[2024-11-07 14:46:19Z INFO HostContext] Well known directory 'Bin': 'C:\Users\AdMin\Desktop\TP-sonar\actions-runner-win-x64-2.320.0\bin'
[2024-11-07 14:46:19Z INFO HostContext] Well known directory 'Root': 'C:\Users\AdMin\Desktop\TP-sonar\actions-runner-win-x64-2.320.0'
[2024-11-07 14:46:19Z INFO HostContext] Well known config file 'Service': 'C:\Users\AdMin\Desktop\TP-sonar\actions-runner-win-x64-2.320.0\.service'
[2024-11-07 14:46:19Z INFO ConfigurationStore] ServiceConfigFilePath: C:\Users\AdMin\Desktop\TP-sonar\actions-runner-win-x64-2.320.0\.service
[2024-11-07 14:46:19Z INFO CommandSettings] Flag 'help': 'False'
[2024-11-07 14:46:19Z INFO CommandSettings] Flag 'version': 'False'
[2024-11-07 14:46:19Z INFO CommandSettings] Flag 'commit': 'False'
[2024-11-07 14:46:19Z INFO CommandSettings] Flag 'check': 'False'
[2024-11-07 14:46:19Z INFO CommandSettings] Command 'configure': 'False'
[2024-11-07 14:46:19Z INFO CommandSettings] Command 'remove': 'False'
[2024-11-07 14:46:19Z INFO CommandSettings] Command 'warmup': 'False'
[2024-11-07 14:46:19Z INFO ConfigurationManager] LoadSettings
[2024-11-07 14:46:19Z INFO ConfigurationStore] IsConfigured()
[2024-11-07 14:46:19Z INFO ConfigurationStore] IsConfigured: True
[2024-11-07 14:46:19Z INFO ConfigurationManager] Is configured: True
[2024-11-07 14:46:19Z INFO ConfigurationStore] Read setting file: 310 chars
[2024-11-07 14:46:19Z INFO ConfigurationManager] Settings Loaded
[2024-11-07 14:46:19Z INFO ConfigurationStore] IsServiceConfigured()
[2024-11-07 14:46:19Z INFO ConfigurationStore] IsServiceConfigured: False
[2024-11-07 14:46:19Z INFO CommandSettings] Command 'run': 'True'
[2024-11-07 14:46:19Z INFO ConfigurationStore] IsConfigured()
[2024-11-07 14:46:19Z INFO ConfigurationStore] IsConfigured: True
[2024-11-07 14:46:19Z INFO ConfigurationManager] Is configured: True
[2024-11-07 14:46:19Z INFO Runner] Could not parse the argument value '' for StartupType. Defaulting to Manual
[2024-11-07 14:46:19Z INFO Runner] Set runner startup type - Manual
[2024-11-07 14:46:19Z INFO CommandSettings] Flag 'once': 'False'
[2024-11-07 14:46:19Z INFO CommandSettings] Flag 'once': 'False'
[2024-11-07 14:46:19Z INFO Runner] RunAsync
[2024-11-07 14:46:19Z INFO ConfigurationManager] LoadSettings
[2024-11-07 14:46:19Z INFO ConfigurationStore] IsConfigured()
[2024-11-07 14:46:19Z INFO ConfigurationStore] IsConfigured: True
[2024-11-07 14:46:19Z INFO ConfigurationManager] Is configured: True
[2024-11-07 14:46:19Z INFO ConfigurationManager] Settings Loaded
[2024-11-07 14:46:20Z INFO MessageListener] {
  "AgentId": 21,
  "AgentName": "DESKTOP-R54TNBM",
  "PoolId": 1,
  "PoolName": "Default",
  "ServerUrl": "https://pipelinesghubeus5.actions.githubusercontent.com/wU1EL5gCyOwM3dHQfeRdcyMs6psp3rx4WgcPA2oxIgnfbvSgVD/",
  "GitHubUrl": "https://github.com/AminaMesrar/TP-sonar",
  "WorkFolder": "_work"
}
[2024-11-07 14:46:20Z INFO MessageListener] Loading Credentials
[2024-11-07 14:46:20Z INFO ConfigurationStore] HasCredentials()
[2024-11-07 14:46:20Z INFO ConfigurationStore] stored True
[2024-11-07 14:46:20Z INFO CredentialManager] GetCredentialProvider
[2024-11-07 14:46:20Z INFO CredentialManager] Creating type OAuth
[2024-11-07 14:46:20Z INFO CredentialManager] Creating credential type: OAuth
[2024-11-07 14:46:20Z INFO HostContext] Well known directory 'Bin': 'C:\Users\AdMin\Desktop\TP-sonar\actions-runner-win-x64-2.320.0\bin'
[2024-11-07 14:46:20Z INFO HostContext] Well known directory 'Root': 'C:\Users\AdMin\Desktop\TP-sonar\actions-runner-win-x64-2.320.0'
[2024-11-07 14:46:20Z INFO HostContext] Well known config file 'RSACredentials': 'C:\Users\AdMin\Desktop\TP-sonar\actions-runner-win-x64-2.320.0\.credentials_rsaparams'
[2024-11-07 14:46:20Z INFO RSAEncryptedFileKeyManager] Loading RSA key parameters from file C:\Users\AdMin\Desktop\TP-sonar\actions-runner-win-x64-2.320.0\.credentials_rsaparams
[2024-11-07 14:46:20Z INFO MessageListener] Attempt to create session.
[2024-11-07 14:46:20Z INFO MessageListener] Connecting to the Runner Server...
[2024-11-07 14:46:20Z INFO RunnerServer] EstablishVssConnection
[2024-11-07 14:46:20Z INFO RunnerServer] Establish connection with 100 seconds timeout.
[2024-11-07 14:46:20Z INFO GitHubActionsService] Starting operation Location.GetConnectionData
[2024-11-07 14:46:20Z INFO RunnerServer] EstablishVssConnection
[2024-11-07 14:46:20Z INFO RunnerServer] Establish connection with 60 seconds timeout.
[2024-11-07 14:46:20Z INFO GitHubActionsService] Starting operation Location.GetConnectionData
[2024-11-07 14:46:20Z INFO RunnerServer] EstablishVssConnection
[2024-11-07 14:46:20Z INFO RunnerServer] Establish connection with 60 seconds timeout.
[2024-11-07 14:46:20Z INFO GitHubActionsService] Starting operation Location.GetConnectionData
[2024-11-07 14:46:21Z INFO GitHubActionsService] Finished operation Location.GetConnectionData
[2024-11-07 14:46:21Z INFO GitHubActionsService] Finished operation Location.GetConnectionData
[2024-11-07 14:46:21Z INFO GitHubActionsService] Finished operation Location.GetConnectionData
[2024-11-07 14:46:21Z INFO MessageListener] VssConnection created
[2024-11-07 14:46:21Z INFO Terminal] WRITE LINE: 
[2024-11-07 14:46:21Z INFO Terminal] WRITE LINE: 
[2024-11-07 14:46:21Z INFO RSAEncryptedFileKeyManager] Loading RSA key parameters from file C:\Users\AdMin\Desktop\TP-sonar\actions-runner-win-x64-2.320.0\.credentials_rsaparams
[2024-11-07 14:46:22Z INFO RSAEncryptedFileKeyManager] Loading RSA key parameters from file C:\Users\AdMin\Desktop\TP-sonar\actions-runner-win-x64-2.320.0\.credentials_rsaparams
[2024-11-07 14:46:22Z INFO GitHubActionsService] AAD Correlation ID for this token request: Unknown
[2024-11-07 14:46:23Z INFO MessageListener] Session created.
[2024-11-07 14:46:23Z INFO Terminal] WRITE LINE: Current runner version: '2.320.0'
[2024-11-07 14:46:23Z INFO Terminal] WRITE LINE: 2024-11-07 14:46:23Z: Listening for Jobs
[2024-11-07 14:46:23Z INFO JobDispatcher] Set runner/worker IPC timeout to 30 seconds.
[2024-11-07 14:46:23Z INFO MessageListener] BrokerMigration message received. Polling Broker for messages...
[2024-11-07 14:46:23Z INFO RSAEncryptedFileKeyManager] Loading RSA key parameters from file C:\Users\AdMin\Desktop\TP-sonar\actions-runner-win-x64-2.320.0\.credentials_rsaparams
[2024-11-07 14:46:23Z INFO GitHubActionsService] AAD Correlation ID for this token request: Unknown
[2024-11-07 14:47:14Z INFO MessageListener] BrokerMigration message received. Polling Broker for messages...
[2024-11-07 14:48:05Z INFO MessageListener] BrokerMigration message received. Polling Broker for messages...
[2024-11-07 14:48:55Z INFO MessageListener] BrokerMigration message received. Polling Broker for messages...
[2024-11-07 14:49:46Z INFO MessageListener] BrokerMigration message received. Polling Broker for messages...
[2024-11-07 14:51:26Z WARN GitHubActionsService] GET request to https://broker.actions.githubusercontent.com/message?sessionId=394a9f77-fd69-4269-a647-3e06e0094f6e&status=Online&runnerVersion=2.320.0&os=Windows&architecture=X64&disableUpdate=false timed out after 100 seconds.
[2024-11-07 14:51:26Z ERR  BrokerServer] Catch exception during request
[2024-11-07 14:51:26Z ERR  BrokerServer] System.TimeoutException: The HTTP request timed out after 00:01:40.
 ---> System.Threading.Tasks.TaskCanceledException: The operation was canceled.
 ---> System.IO.IOException: Unable to read data from the transport connection: L’opération d’entrée/sortie a été abandonnée en raison de l’arrêt d’un thread ou à la demande d’une application..
 ---> System.Net.Sockets.SocketException (995): L’opération d’entrée/sortie a été abandonnée en raison de l’arrêt d’un thread ou à la demande d’une application.
   --- End of inner exception stack trace ---
   at System.Net.Sockets.Socket.AwaitableSocketAsyncEventArgs.ThrowException(SocketError error, CancellationToken cancellationToken)
   at System.Net.Sockets.Socket.AwaitableSocketAsyncEventArgs.System.Threading.Tasks.Sources.IValueTaskSource<System.Int32>.GetResult(Int16 token)
   at System.Net.Security.SslStream.EnsureFullTlsFrameAsync[TIOAdapter](TIOAdapter adapter)
   at System.Net.Security.SslStream.ReadAsyncInternal[TIOAdapter](TIOAdapter adapter, Memory`1 buffer)
   at System.Net.Http.HttpConnection.SendAsyncCore(HttpRequestMessage request, Boolean async, CancellationToken cancellationToken)
   --- End of inner exception stack trace ---
   at System.Net.Http.HttpConnection.SendAsyncCore(HttpRequestMessage request, Boolean async, CancellationToken cancellationToken)
   at System.Net.Http.AuthenticationHelper.SendWithNtAuthAsync(HttpRequestMessage request, Uri authUri, Boolean async, ICredentials credentials, Boolean isProxyAuth, HttpConnection connection, HttpConnectionPool connectionPool, CancellationToken cancellationToken)
   at System.Net.Http.HttpConnectionPool.SendWithVersionDetectionAndRetryAsync(HttpRequestMessage request, Boolean async, Boolean doRequestAuth, CancellationToken cancellationToken)
   at System.Net.Http.AuthenticationHelper.SendWithAuthAsync(HttpRequestMessage request, Uri authUri, Boolean async, ICredentials credentials, Boolean preAuthenticate, Boolean isProxyAuth, Boolean doRequestAuth, HttpConnectionPool pool, CancellationToken cancellationToken)
   at System.Net.Http.RedirectHandler.SendAsync(HttpRequestMessage request, Boolean async, CancellationToken cancellationToken)
   at GitHub.Services.Common.RawHttpMessageHandler.SendAsync(HttpRequestMessage request, CancellationToken cancellationToken)
   --- End of inner exception stack trace ---
   at GitHub.Services.Common.RawHttpMessageHandler.SendAsync(HttpRequestMessage request, CancellationToken cancellationToken)
   at GitHub.Services.Common.VssHttpRetryMessageHandler.SendAsync(HttpRequestMessage request, CancellationToken cancellationToken)
   at System.Net.Http.HttpClient.<SendAsync>g__Core|83_0(HttpRequestMessage request, HttpCompletionOption completionOption, CancellationTokenSource cts, Boolean disposeCts, CancellationTokenSource pendingRequestsCts, CancellationToken originalCancellationToken)
   at Sdk.WebApi.WebApi.RawHttpClientBase.SendAsync(HttpRequestMessage message, HttpCompletionOption completionOption, Object userState, CancellationToken cancellationToken)
   at Sdk.WebApi.WebApi.RawHttpClientBase.SendAsync[T](HttpRequestMessage message, Boolean readErrorBody, Object userState, CancellationToken cancellationToken)
   at Sdk.WebApi.WebApi.RawHttpClientBase.SendAsync[T](HttpMethod method, IEnumerable`1 additionalHeaders, Uri requestUri, HttpContent content, IEnumerable`1 queryParameters, Boolean readErrorBody, Object userState, CancellationToken cancellationToken)
   at GitHub.Actions.RunService.WebApi.BrokerHttpClient.GetRunnerMessageAsync(Nullable`1 sessionId, String runnerVersion, Nullable`1 status, String os, String architecture, Nullable`1 disableUpdate, CancellationToken cancellationToken)
   at GitHub.Runner.Common.BrokerServer.<>c__DisplayClass7_0.<<GetRunnerMessageAsync>b__0>d.MoveNext()
--- End of stack trace from previous location ---
   at GitHub.Runner.Common.RunnerService.RetryRequest[T](Func`1 func, CancellationToken cancellationToken, Int32 maxRetryAttemptsCount, Func`2 shouldRetry)
[2024-11-07 14:51:26Z ERR  BrokerServer] #####################################################
[2024-11-07 14:51:26Z ERR  BrokerServer] System.Threading.Tasks.TaskCanceledException: The operation was canceled.
 ---> System.IO.IOException: Unable to read data from the transport connection: L’opération d’entrée/sortie a été abandonnée en raison de l’arrêt d’un thread ou à la demande d’une application..
 ---> System.Net.Sockets.SocketException (995): L’opération d’entrée/sortie a été abandonnée en raison de l’arrêt d’un thread ou à la demande d’une application.
   --- End of inner exception stack trace ---
   at System.Net.Sockets.Socket.AwaitableSocketAsyncEventArgs.ThrowException(SocketError error, CancellationToken cancellationToken)
   at System.Net.Sockets.Socket.AwaitableSocketAsyncEventArgs.System.Threading.Tasks.Sources.IValueTaskSource<System.Int32>.GetResult(Int16 token)
   at System.Net.Security.SslStream.EnsureFullTlsFrameAsync[TIOAdapter](TIOAdapter adapter)
   at System.Net.Security.SslStream.ReadAsyncInternal[TIOAdapter](TIOAdapter adapter, Memory`1 buffer)
   at System.Net.Http.HttpConnection.SendAsyncCore(HttpRequestMessage request, Boolean async, CancellationToken cancellationToken)
   --- End of inner exception stack trace ---
   at System.Net.Http.HttpConnection.SendAsyncCore(HttpRequestMessage request, Boolean async, CancellationToken cancellationToken)
   at System.Net.Http.AuthenticationHelper.SendWithNtAuthAsync(HttpRequestMessage request, Uri authUri, Boolean async, ICredentials credentials, Boolean isProxyAuth, HttpConnection connection, HttpConnectionPool connectionPool, CancellationToken cancellationToken)
   at System.Net.Http.HttpConnectionPool.SendWithVersionDetectionAndRetryAsync(HttpRequestMessage request, Boolean async, Boolean doRequestAuth, CancellationToken cancellationToken)
   at System.Net.Http.AuthenticationHelper.SendWithAuthAsync(HttpRequestMessage request, Uri authUri, Boolean async, ICredentials credentials, Boolean preAuthenticate, Boolean isProxyAuth, Boolean doRequestAuth, HttpConnectionPool pool, CancellationToken cancellationToken)
   at System.Net.Http.RedirectHandler.SendAsync(HttpRequestMessage request, Boolean async, CancellationToken cancellationToken)
   at GitHub.Services.Common.RawHttpMessageHandler.SendAsync(HttpRequestMessage request, CancellationToken cancellationToken)
[2024-11-07 14:51:26Z ERR  BrokerServer] #####################################################
[2024-11-07 14:51:26Z ERR  BrokerServer] System.IO.IOException: Unable to read data from the transport connection: L’opération d’entrée/sortie a été abandonnée en raison de l’arrêt d’un thread ou à la demande d’une application..
 ---> System.Net.Sockets.SocketException (995): L’opération d’entrée/sortie a été abandonnée en raison de l’arrêt d’un thread ou à la demande d’une application.
   --- End of inner exception stack trace ---
   at System.Net.Sockets.Socket.AwaitableSocketAsyncEventArgs.ThrowException(SocketError error, CancellationToken cancellationToken)
   at System.Net.Sockets.Socket.AwaitableSocketAsyncEventArgs.System.Threading.Tasks.Sources.IValueTaskSource<System.Int32>.GetResult(Int16 token)
   at System.Net.Security.SslStream.EnsureFullTlsFrameAsync[TIOAdapter](TIOAdapter adapter)
   at System.Net.Security.SslStream.ReadAsyncInternal[TIOAdapter](TIOAdapter adapter, Memory`1 buffer)
   at System.Net.Http.HttpConnection.SendAsyncCore(HttpRequestMessage request, Boolean async, CancellationToken cancellationToken)
[2024-11-07 14:51:26Z ERR  BrokerServer] #####################################################
[2024-11-07 14:51:26Z ERR  BrokerServer] System.Net.Sockets.SocketException (995): L’opération d’entrée/sortie a été abandonnée en raison de l’arrêt d’un thread ou à la demande d’une application.
[2024-11-07 14:51:26Z WARN BrokerServer] Back off 13.178 seconds before next retry. 4 attempt left.
[2024-11-07 14:52:34Z INFO MessageListener] BrokerMigration message received. Polling Broker for messages...
[2024-11-07 14:53:25Z INFO MessageListener] BrokerMigration message received. Polling Broker for messages...
[2024-11-07 14:54:15Z INFO MessageListener] BrokerMigration message received. Polling Broker for messages...
[2024-11-07 14:55:06Z INFO MessageListener] BrokerMigration message received. Polling Broker for messages...
[2024-11-07 14:55:57Z INFO MessageListener] BrokerMigration message received. Polling Broker for messages...
[2024-11-07 14:56:48Z INFO MessageListener] BrokerMigration message received. Polling Broker for messages...
[2024-11-07 14:57:40Z INFO MessageListener] BrokerMigration message received. Polling Broker for messages...
[2024-11-07 14:58:33Z INFO MessageListener] BrokerMigration message received. Polling Broker for messages...
[2024-11-07 14:59:24Z INFO MessageListener] BrokerMigration message received. Polling Broker for messages...
[2024-11-07 15:01:04Z WARN GitHubActionsService] GET request to https://broker.actions.githubusercontent.com/message?sessionId=394a9f77-fd69-4269-a647-3e06e0094f6e&status=Online&runnerVersion=2.320.0&os=Windows&architecture=X64&disableUpdate=false timed out after 100 seconds.
[2024-11-07 15:01:04Z ERR  BrokerServer] Catch exception during request
[2024-11-07 15:01:04Z ERR  BrokerServer] System.TimeoutException: The HTTP request timed out after 00:01:40.
 ---> System.Threading.Tasks.TaskCanceledException: The operation was canceled.
 ---> System.IO.IOException: Unable to read data from the transport connection: L’opération d’entrée/sortie a été abandonnée en raison de l’arrêt d’un thread ou à la demande d’une application..
 ---> System.Net.Sockets.SocketException (995): L’opération d’entrée/sortie a été abandonnée en raison de l’arrêt d’un thread ou à la demande d’une application.
   --- End of inner exception stack trace ---
   at System.Net.Sockets.Socket.AwaitableSocketAsyncEventArgs.ThrowException(SocketError error, CancellationToken cancellationToken)
   at System.Net.Sockets.Socket.AwaitableSocketAsyncEventArgs.System.Threading.Tasks.Sources.IValueTaskSource<System.Int32>.GetResult(Int16 token)
   at System.Net.Security.SslStream.EnsureFullTlsFrameAsync[TIOAdapter](TIOAdapter adapter)
   at System.Net.Security.SslStream.ReadAsyncInternal[TIOAdapter](TIOAdapter adapter, Memory`1 buffer)
   at System.Net.Http.HttpConnection.SendAsyncCore(HttpRequestMessage request, Boolean async, CancellationToken cancellationToken)
   --- End of inner exception stack trace ---
   at System.Net.Http.HttpConnection.SendAsyncCore(HttpRequestMessage request, Boolean async, CancellationToken cancellationToken)
   at System.Net.Http.AuthenticationHelper.SendWithNtAuthAsync(HttpRequestMessage request, Uri authUri, Boolean async, ICredentials credentials, Boolean isProxyAuth, HttpConnection connection, HttpConnectionPool connectionPool, CancellationToken cancellationToken)
   at System.Net.Http.HttpConnectionPool.SendWithVersionDetectionAndRetryAsync(HttpRequestMessage request, Boolean async, Boolean doRequestAuth, CancellationToken cancellationToken)
   at System.Net.Http.AuthenticationHelper.SendWithAuthAsync(HttpRequestMessage request, Uri authUri, Boolean async, ICredentials credentials, Boolean preAuthenticate, Boolean isProxyAuth, Boolean doRequestAuth, HttpConnectionPool pool, CancellationToken cancellationToken)
   at System.Net.Http.RedirectHandler.SendAsync(HttpRequestMessage request, Boolean async, CancellationToken cancellationToken)
   at GitHub.Services.Common.RawHttpMessageHandler.SendAsync(HttpRequestMessage request, CancellationToken cancellationToken)
   --- End of inner exception stack trace ---
   at GitHub.Services.Common.RawHttpMessageHandler.SendAsync(HttpRequestMessage request, CancellationToken cancellationToken)
   at GitHub.Services.Common.VssHttpRetryMessageHandler.SendAsync(HttpRequestMessage request, CancellationToken cancellationToken)
   at System.Net.Http.HttpClient.<SendAsync>g__Core|83_0(HttpRequestMessage request, HttpCompletionOption completionOption, CancellationTokenSource cts, Boolean disposeCts, CancellationTokenSource pendingRequestsCts, CancellationToken originalCancellationToken)
   at Sdk.WebApi.WebApi.RawHttpClientBase.SendAsync(HttpRequestMessage message, HttpCompletionOption completionOption, Object userState, CancellationToken cancellationToken)
   at Sdk.WebApi.WebApi.RawHttpClientBase.SendAsync[T](HttpRequestMessage message, Boolean readErrorBody, Object userState, CancellationToken cancellationToken)
   at Sdk.WebApi.WebApi.RawHttpClientBase.SendAsync[T](HttpMethod method, IEnumerable`1 additionalHeaders, Uri requestUri, HttpContent content, IEnumerable`1 queryParameters, Boolean readErrorBody, Object userState, CancellationToken cancellationToken)
   at GitHub.Actions.RunService.WebApi.BrokerHttpClient.GetRunnerMessageAsync(Nullable`1 sessionId, String runnerVersion, Nullable`1 status, String os, String architecture, Nullable`1 disableUpdate, CancellationToken cancellationToken)
   at GitHub.Runner.Common.BrokerServer.<>c__DisplayClass7_0.<<GetRunnerMessageAsync>b__0>d.MoveNext()
--- End of stack trace from previous location ---
   at GitHub.Runner.Common.RunnerService.RetryRequest[T](Func`1 func, CancellationToken cancellationToken, Int32 maxRetryAttemptsCount, Func`2 shouldRetry)
[2024-11-07 15:01:04Z ERR  BrokerServer] #####################################################
[2024-11-07 15:01:04Z ERR  BrokerServer] System.Threading.Tasks.TaskCanceledException: The operation was canceled.
 ---> System.IO.IOException: Unable to read data from the transport connection: L’opération d’entrée/sortie a été abandonnée en raison de l’arrêt d’un thread ou à la demande d’une application..
 ---> System.Net.Sockets.SocketException (995): L’opération d’entrée/sortie a été abandonnée en raison de l’arrêt d’un thread ou à la demande d’une application.
   --- End of inner exception stack trace ---
   at System.Net.Sockets.Socket.AwaitableSocketAsyncEventArgs.ThrowException(SocketError error, CancellationToken cancellationToken)
   at System.Net.Sockets.Socket.AwaitableSocketAsyncEventArgs.System.Threading.Tasks.Sources.IValueTaskSource<System.Int32>.GetResult(Int16 token)
   at System.Net.Security.SslStream.EnsureFullTlsFrameAsync[TIOAdapter](TIOAdapter adapter)
   at System.Net.Security.SslStream.ReadAsyncInternal[TIOAdapter](TIOAdapter adapter, Memory`1 buffer)
   at System.Net.Http.HttpConnection.SendAsyncCore(HttpRequestMessage request, Boolean async, CancellationToken cancellationToken)
   --- End of inner exception stack trace ---
   at System.Net.Http.HttpConnection.SendAsyncCore(HttpRequestMessage request, Boolean async, CancellationToken cancellationToken)
   at System.Net.Http.AuthenticationHelper.SendWithNtAuthAsync(HttpRequestMessage request, Uri authUri, Boolean async, ICredentials credentials, Boolean isProxyAuth, HttpConnection connection, HttpConnectionPool connectionPool, CancellationToken cancellationToken)
   at System.Net.Http.HttpConnectionPool.SendWithVersionDetectionAndRetryAsync(HttpRequestMessage request, Boolean async, Boolean doRequestAuth, CancellationToken cancellationToken)
   at System.Net.Http.AuthenticationHelper.SendWithAuthAsync(HttpRequestMessage request, Uri authUri, Boolean async, ICredentials credentials, Boolean preAuthenticate, Boolean isProxyAuth, Boolean doRequestAuth, HttpConnectionPool pool, CancellationToken cancellationToken)
   at System.Net.Http.RedirectHandler.SendAsync(HttpRequestMessage request, Boolean async, CancellationToken cancellationToken)
   at GitHub.Services.Common.RawHttpMessageHandler.SendAsync(HttpRequestMessage request, CancellationToken cancellationToken)
[2024-11-07 15:01:04Z ERR  BrokerServer] #####################################################
[2024-11-07 15:01:04Z ERR  BrokerServer] System.IO.IOException: Unable to read data from the transport connection: L’opération d’entrée/sortie a été abandonnée en raison de l’arrêt d’un thread ou à la demande d’une application..
 ---> System.Net.Sockets.SocketException (995): L’opération d’entrée/sortie a été abandonnée en raison de l’arrêt d’un thread ou à la demande d’une application.
   --- End of inner exception stack trace ---
   at System.Net.Sockets.Socket.AwaitableSocketAsyncEventArgs.ThrowException(SocketError error, CancellationToken cancellationToken)
   at System.Net.Sockets.Socket.AwaitableSocketAsyncEventArgs.System.Threading.Tasks.Sources.IValueTaskSource<System.Int32>.GetResult(Int16 token)
   at System.Net.Security.SslStream.EnsureFullTlsFrameAsync[TIOAdapter](TIOAdapter adapter)
   at System.Net.Security.SslStream.ReadAsyncInternal[TIOAdapter](TIOAdapter adapter, Memory`1 buffer)
   at System.Net.Http.HttpConnection.SendAsyncCore(HttpRequestMessage request, Boolean async, CancellationToken cancellationToken)
[2024-11-07 15:01:04Z ERR  BrokerServer] #####################################################
[2024-11-07 15:01:04Z ERR  BrokerServer] System.Net.Sockets.SocketException (995): L’opération d’entrée/sortie a été abandonnée en raison de l’arrêt d’un thread ou à la demande d’une application.
[2024-11-07 15:01:04Z WARN BrokerServer] Back off 8.062 seconds before next retry. 4 attempt left.
[2024-11-07 15:02:04Z INFO MessageListener] BrokerMigration message received. Polling Broker for messages...
[2024-11-07 15:02:55Z INFO MessageListener] BrokerMigration message received. Polling Broker for messages...
[2024-11-07 15:03:45Z INFO MessageListener] BrokerMigration message received. Polling Broker for messages...
[2024-11-07 15:04:36Z INFO MessageListener] BrokerMigration message received. Polling Broker for messages...
[2024-11-07 15:05:26Z INFO MessageListener] BrokerMigration message received. Polling Broker for messages...
[2024-11-07 15:06:17Z INFO MessageListener] BrokerMigration message received. Polling Broker for messages...
[2024-11-07 15:07:08Z INFO MessageListener] BrokerMigration message received. Polling Broker for messages...
[2024-11-07 15:07:59Z INFO MessageListener] BrokerMigration message received. Polling Broker for messages...
[2024-11-07 15:08:49Z INFO MessageListener] BrokerMigration message received. Polling Broker for messages...
[2024-11-07 15:09:40Z INFO MessageListener] BrokerMigration message received. Polling Broker for messages...
[2024-11-07 15:10:30Z INFO MessageListener] BrokerMigration message received. Polling Broker for messages...
[2024-11-07 15:11:21Z INFO MessageListener] BrokerMigration message received. Polling Broker for messages...
[2024-11-07 15:12:11Z INFO MessageListener] BrokerMigration message received. Polling Broker for messages...
[2024-11-07 15:13:02Z INFO MessageListener] BrokerMigration message received. Polling Broker for messages...
[2024-11-07 15:14:42Z WARN GitHubActionsService] GET request to https://broker.actions.githubusercontent.com/message?sessionId=394a9f77-fd69-4269-a647-3e06e0094f6e&status=Online&runnerVersion=2.320.0&os=Windows&architecture=X64&disableUpdate=false timed out after 100 seconds.
[2024-11-07 15:14:42Z ERR  BrokerServer] Catch exception during request
[2024-11-07 15:14:42Z ERR  BrokerServer] System.TimeoutException: The HTTP request timed out after 00:01:40.
 ---> System.Threading.Tasks.TaskCanceledException: The operation was canceled.
 ---> System.IO.IOException: Unable to read data from the transport connection: L’opération d’entrée/sortie a été abandonnée en raison de l’arrêt d’un thread ou à la demande d’une application..
 ---> System.Net.Sockets.SocketException (995): L’opération d’entrée/sortie a été abandonnée en raison de l’arrêt d’un thread ou à la demande d’une application.
   --- End of inner exception stack trace ---
   at System.Net.Sockets.Socket.AwaitableSocketAsyncEventArgs.ThrowException(SocketError error, CancellationToken cancellationToken)
   at System.Net.Sockets.Socket.AwaitableSocketAsyncEventArgs.System.Threading.Tasks.Sources.IValueTaskSource<System.Int32>.GetResult(Int16 token)
   at System.Net.Security.SslStream.EnsureFullTlsFrameAsync[TIOAdapter](TIOAdapter adapter)
   at System.Net.Security.SslStream.ReadAsyncInternal[TIOAdapter](TIOAdapter adapter, Memory`1 buffer)
   at System.Net.Http.HttpConnection.SendAsyncCore(HttpRequestMessage request, Boolean async, CancellationToken cancellationToken)
   --- End of inner exception stack trace ---
   at System.Net.Http.HttpConnection.SendAsyncCore(HttpRequestMessage request, Boolean async, CancellationToken cancellationToken)
   at System.Net.Http.AuthenticationHelper.SendWithNtAuthAsync(HttpRequestMessage request, Uri authUri, Boolean async, ICredentials credentials, Boolean isProxyAuth, HttpConnection connection, HttpConnectionPool connectionPool, CancellationToken cancellationToken)
   at System.Net.Http.HttpConnectionPool.SendWithVersionDetectionAndRetryAsync(HttpRequestMessage request, Boolean async, Boolean doRequestAuth, CancellationToken cancellationToken)
   at System.Net.Http.AuthenticationHelper.SendWithAuthAsync(HttpRequestMessage request, Uri authUri, Boolean async, ICredentials credentials, Boolean preAuthenticate, Boolean isProxyAuth, Boolean doRequestAuth, HttpConnectionPool pool, CancellationToken cancellationToken)
   at System.Net.Http.RedirectHandler.SendAsync(HttpRequestMessage request, Boolean async, CancellationToken cancellationToken)
   at GitHub.Services.Common.RawHttpMessageHandler.SendAsync(HttpRequestMessage request, CancellationToken cancellationToken)
   --- End of inner exception stack trace ---
   at GitHub.Services.Common.RawHttpMessageHandler.SendAsync(HttpRequestMessage request, CancellationToken cancellationToken)
   at GitHub.Services.Common.VssHttpRetryMessageHandler.SendAsync(HttpRequestMessage request, CancellationToken cancellationToken)
   at System.Net.Http.HttpClient.<SendAsync>g__Core|83_0(HttpRequestMessage request, HttpCompletionOption completionOption, CancellationTokenSource cts, Boolean disposeCts, CancellationTokenSource pendingRequestsCts, CancellationToken originalCancellationToken)
   at Sdk.WebApi.WebApi.RawHttpClientBase.SendAsync(HttpRequestMessage message, HttpCompletionOption completionOption, Object userState, CancellationToken cancellationToken)
   at Sdk.WebApi.WebApi.RawHttpClientBase.SendAsync[T](HttpRequestMessage message, Boolean readErrorBody, Object userState, CancellationToken cancellationToken)
   at Sdk.WebApi.WebApi.RawHttpClientBase.SendAsync[T](HttpMethod method, IEnumerable`1 additionalHeaders, Uri requestUri, HttpContent content, IEnumerable`1 queryParameters, Boolean readErrorBody, Object userState, CancellationToken cancellationToken)
   at GitHub.Actions.RunService.WebApi.BrokerHttpClient.GetRunnerMessageAsync(Nullable`1 sessionId, String runnerVersion, Nullable`1 status, String os, String architecture, Nullable`1 disableUpdate, CancellationToken cancellationToken)
   at GitHub.Runner.Common.BrokerServer.<>c__DisplayClass7_0.<<GetRunnerMessageAsync>b__0>d.MoveNext()
--- End of stack trace from previous location ---
   at GitHub.Runner.Common.RunnerService.RetryRequest[T](Func`1 func, CancellationToken cancellationToken, Int32 maxRetryAttemptsCount, Func`2 shouldRetry)
[2024-11-07 15:14:42Z ERR  BrokerServer] #####################################################
[2024-11-07 15:14:42Z ERR  BrokerServer] System.Threading.Tasks.TaskCanceledException: The operation was canceled.
 ---> System.IO.IOException: Unable to read data from the transport connection: L’opération d’entrée/sortie a été abandonnée en raison de l’arrêt d’un thread ou à la demande d’une application..
 ---> System.Net.Sockets.SocketException (995): L’opération d’entrée/sortie a été abandonnée en raison de l’arrêt d’un thread ou à la demande d’une application.
   --- End of inner exception stack trace ---
   at System.Net.Sockets.Socket.AwaitableSocketAsyncEventArgs.ThrowException(SocketError error, CancellationToken cancellationToken)
   at System.Net.Sockets.Socket.AwaitableSocketAsyncEventArgs.System.Threading.Tasks.Sources.IValueTaskSource<System.Int32>.GetResult(Int16 token)
   at System.Net.Security.SslStream.EnsureFullTlsFrameAsync[TIOAdapter](TIOAdapter adapter)
   at System.Net.Security.SslStream.ReadAsyncInternal[TIOAdapter](TIOAdapter adapter, Memory`1 buffer)
   at System.Net.Http.HttpConnection.SendAsyncCore(HttpRequestMessage request, Boolean async, CancellationToken cancellationToken)
   --- End of inner exception stack trace ---
   at System.Net.Http.HttpConnection.SendAsyncCore(HttpRequestMessage request, Boolean async, CancellationToken cancellationToken)
   at System.Net.Http.AuthenticationHelper.SendWithNtAuthAsync(HttpRequestMessage request, Uri authUri, Boolean async, ICredentials credentials, Boolean isProxyAuth, HttpConnection connection, HttpConnectionPool connectionPool, CancellationToken cancellationToken)
   at System.Net.Http.HttpConnectionPool.SendWithVersionDetectionAndRetryAsync(HttpRequestMessage request, Boolean async, Boolean doRequestAuth, CancellationToken cancellationToken)
   at System.Net.Http.AuthenticationHelper.SendWithAuthAsync(HttpRequestMessage request, Uri authUri, Boolean async, ICredentials credentials, Boolean preAuthenticate, Boolean isProxyAuth, Boolean doRequestAuth, HttpConnectionPool pool, CancellationToken cancellationToken)
   at System.Net.Http.RedirectHandler.SendAsync(HttpRequestMessage request, Boolean async, CancellationToken cancellationToken)
   at GitHub.Services.Common.RawHttpMessageHandler.SendAsync(HttpRequestMessage request, CancellationToken cancellationToken)
[2024-11-07 15:14:42Z ERR  BrokerServer] #####################################################
[2024-11-07 15:14:42Z ERR  BrokerServer] System.IO.IOException: Unable to read data from the transport connection: L’opération d’entrée/sortie a été abandonnée en raison de l’arrêt d’un thread ou à la demande d’une application..
 ---> System.Net.Sockets.SocketException (995): L’opération d’entrée/sortie a été abandonnée en raison de l’arrêt d’un thread ou à la demande d’une application.
   --- End of inner exception stack trace ---
   at System.Net.Sockets.Socket.AwaitableSocketAsyncEventArgs.ThrowException(SocketError error, CancellationToken cancellationToken)
   at System.Net.Sockets.Socket.AwaitableSocketAsyncEventArgs.System.Threading.Tasks.Sources.IValueTaskSource<System.Int32>.GetResult(Int16 token)
   at System.Net.Security.SslStream.EnsureFullTlsFrameAsync[TIOAdapter](TIOAdapter adapter)
   at System.Net.Security.SslStream.ReadAsyncInternal[TIOAdapter](TIOAdapter adapter, Memory`1 buffer)
   at System.Net.Http.HttpConnection.SendAsyncCore(HttpRequestMessage request, Boolean async, CancellationToken cancellationToken)
[2024-11-07 15:14:42Z ERR  BrokerServer] #####################################################
[2024-11-07 15:14:42Z ERR  BrokerServer] System.Net.Sockets.SocketException (995): L’opération d’entrée/sortie a été abandonnée en raison de l’arrêt d’un thread ou à la demande d’une application.
[2024-11-07 15:14:42Z WARN BrokerServer] Back off 8.26 seconds before next retry. 4 attempt left.
[2024-11-07 15:15:42Z INFO MessageListener] BrokerMigration message received. Polling Broker for messages...
[2024-11-07 15:16:32Z INFO MessageListener] No message retrieved from session '394a9f77-fd69-4269-a647-3e06e0094f6e' within last 30 minutes.
[2024-11-07 15:16:33Z INFO MessageListener] BrokerMigration message received. Polling Broker for messages...
[2024-11-07 15:17:23Z INFO MessageListener] BrokerMigration message received. Polling Broker for messages...
[2024-11-07 15:18:14Z INFO MessageListener] BrokerMigration message received. Polling Broker for messages...
[2024-11-07 15:19:04Z INFO MessageListener] BrokerMigration message received. Polling Broker for messages...
[2024-11-07 15:19:55Z INFO MessageListener] BrokerMigration message received. Polling Broker for messages...
[2024-11-07 15:20:46Z INFO MessageListener] BrokerMigration message received. Polling Broker for messages...
[2024-11-07 15:21:36Z INFO MessageListener] BrokerMigration message received. Polling Broker for messages...
[2024-11-07 15:22:27Z INFO MessageListener] BrokerMigration message received. Polling Broker for messages...
[2024-11-07 15:24:07Z WARN GitHubActionsService] GET request to https://broker.actions.githubusercontent.com/message?sessionId=394a9f77-fd69-4269-a647-3e06e0094f6e&status=Online&runnerVersion=2.320.0&os=Windows&architecture=X64&disableUpdate=false timed out after 100 seconds.
[2024-11-07 15:24:07Z ERR  BrokerServer] Catch exception during request
[2024-11-07 15:24:07Z ERR  BrokerServer] System.TimeoutException: The HTTP request timed out after 00:01:40.
 ---> System.Threading.Tasks.TaskCanceledException: The operation was canceled.
 ---> System.IO.IOException: Unable to read data from the transport connection: L’opération d’entrée/sortie a été abandonnée en raison de l’arrêt d’un thread ou à la demande d’une application..
 ---> System.Net.Sockets.SocketException (995): L’opération d’entrée/sortie a été abandonnée en raison de l’arrêt d’un thread ou à la demande d’une application.
   --- End of inner exception stack trace ---
   at System.Net.Sockets.Socket.AwaitableSocketAsyncEventArgs.ThrowException(SocketError error, CancellationToken cancellationToken)
   at System.Net.Sockets.Socket.AwaitableSocketAsyncEventArgs.System.Threading.Tasks.Sources.IValueTaskSource<System.Int32>.GetResult(Int16 token)
   at System.Net.Security.SslStream.EnsureFullTlsFrameAsync[TIOAdapter](TIOAdapter adapter)
   at System.Net.Security.SslStream.ReadAsyncInternal[TIOAdapter](TIOAdapter adapter, Memory`1 buffer)
   at System.Net.Http.HttpConnection.SendAsyncCore(HttpRequestMessage request, Boolean async, CancellationToken cancellationToken)
   --- End of inner exception stack trace ---
   at System.Net.Http.HttpConnection.SendAsyncCore(HttpRequestMessage request, Boolean async, CancellationToken cancellationToken)
   at System.Net.Http.AuthenticationHelper.SendWithNtAuthAsync(HttpRequestMessage request, Uri authUri, Boolean async, ICredentials credentials, Boolean isProxyAuth, HttpConnection connection, HttpConnectionPool connectionPool, CancellationToken cancellationToken)
   at System.Net.Http.HttpConnectionPool.SendWithVersionDetectionAndRetryAsync(HttpRequestMessage request, Boolean async, Boolean doRequestAuth, CancellationToken cancellationToken)
   at System.Net.Http.AuthenticationHelper.SendWithAuthAsync(HttpRequestMessage request, Uri authUri, Boolean async, ICredentials credentials, Boolean preAuthenticate, Boolean isProxyAuth, Boolean doRequestAuth, HttpConnectionPool pool, CancellationToken cancellationToken)
   at System.Net.Http.RedirectHandler.SendAsync(HttpRequestMessage request, Boolean async, CancellationToken cancellationToken)
   at GitHub.Services.Common.RawHttpMessageHandler.SendAsync(HttpRequestMessage request, CancellationToken cancellationToken)
   --- End of inner exception stack trace ---
   at GitHub.Services.Common.RawHttpMessageHandler.SendAsync(HttpRequestMessage request, CancellationToken cancellationToken)
   at GitHub.Services.Common.VssHttpRetryMessageHandler.SendAsync(HttpRequestMessage request, CancellationToken cancellationToken)
   at System.Net.Http.HttpClient.<SendAsync>g__Core|83_0(HttpRequestMessage request, HttpCompletionOption completionOption, CancellationTokenSource cts, Boolean disposeCts, CancellationTokenSource pendingRequestsCts, CancellationToken originalCancellationToken)
   at Sdk.WebApi.WebApi.RawHttpClientBase.SendAsync(HttpRequestMessage message, HttpCompletionOption completionOption, Object userState, CancellationToken cancellationToken)
   at Sdk.WebApi.WebApi.RawHttpClientBase.SendAsync[T](HttpRequestMessage message, Boolean readErrorBody, Object userState, CancellationToken cancellationToken)
   at Sdk.WebApi.WebApi.RawHttpClientBase.SendAsync[T](HttpMethod method, IEnumerable`1 additionalHeaders, Uri requestUri, HttpContent content, IEnumerable`1 queryParameters, Boolean readErrorBody, Object userState, CancellationToken cancellationToken)
   at GitHub.Actions.RunService.WebApi.BrokerHttpClient.GetRunnerMessageAsync(Nullable`1 sessionId, String runnerVersion, Nullable`1 status, String os, String architecture, Nullable`1 disableUpdate, CancellationToken cancellationToken)
   at GitHub.Runner.Common.BrokerServer.<>c__DisplayClass7_0.<<GetRunnerMessageAsync>b__0>d.MoveNext()
--- End of stack trace from previous location ---
   at GitHub.Runner.Common.RunnerService.RetryRequest[T](Func`1 func, CancellationToken cancellationToken, Int32 maxRetryAttemptsCount, Func`2 shouldRetry)
[2024-11-07 15:24:07Z ERR  BrokerServer] #####################################################
[2024-11-07 15:24:07Z ERR  BrokerServer] System.Threading.Tasks.TaskCanceledException: The operation was canceled.
 ---> System.IO.IOException: Unable to read data from the transport connection: L’opération d’entrée/sortie a été abandonnée en raison de l’arrêt d’un thread ou à la demande d’une application..
 ---> System.Net.Sockets.SocketException (995): L’opération d’entrée/sortie a été abandonnée en raison de l’arrêt d’un thread ou à la demande d’une application.
   --- End of inner exception stack trace ---
   at System.Net.Sockets.Socket.AwaitableSocketAsyncEventArgs.ThrowException(SocketError error, CancellationToken cancellationToken)
   at System.Net.Sockets.Socket.AwaitableSocketAsyncEventArgs.System.Threading.Tasks.Sources.IValueTaskSource<System.Int32>.GetResult(Int16 token)
   at System.Net.Security.SslStream.EnsureFullTlsFrameAsync[TIOAdapter](TIOAdapter adapter)
   at System.Net.Security.SslStream.ReadAsyncInternal[TIOAdapter](TIOAdapter adapter, Memory`1 buffer)
   at System.Net.Http.HttpConnection.SendAsyncCore(HttpRequestMessage request, Boolean async, CancellationToken cancellationToken)
   --- End of inner exception stack trace ---
   at System.Net.Http.HttpConnection.SendAsyncCore(HttpRequestMessage request, Boolean async, CancellationToken cancellationToken)
   at System.Net.Http.AuthenticationHelper.SendWithNtAuthAsync(HttpRequestMessage request, Uri authUri, Boolean async, ICredentials credentials, Boolean isProxyAuth, HttpConnection connection, HttpConnectionPool connectionPool, CancellationToken cancellationToken)
   at System.Net.Http.HttpConnectionPool.SendWithVersionDetectionAndRetryAsync(HttpRequestMessage request, Boolean async, Boolean doRequestAuth, CancellationToken cancellationToken)
   at System.Net.Http.AuthenticationHelper.SendWithAuthAsync(HttpRequestMessage request, Uri authUri, Boolean async, ICredentials credentials, Boolean preAuthenticate, Boolean isProxyAuth, Boolean doRequestAuth, HttpConnectionPool pool, CancellationToken cancellationToken)
   at System.Net.Http.RedirectHandler.SendAsync(HttpRequestMessage request, Boolean async, CancellationToken cancellationToken)
   at GitHub.Services.Common.RawHttpMessageHandler.SendAsync(HttpRequestMessage request, CancellationToken cancellationToken)
[2024-11-07 15:24:07Z ERR  BrokerServer] #####################################################
[2024-11-07 15:24:07Z ERR  BrokerServer] System.IO.IOException: Unable to read data from the transport connection: L’opération d’entrée/sortie a été abandonnée en raison de l’arrêt d’un thread ou à la demande d’une application..
 ---> System.Net.Sockets.SocketException (995): L’opération d’entrée/sortie a été abandonnée en raison de l’arrêt d’un thread ou à la demande d’une application.
   --- End of inner exception stack trace ---
   at System.Net.Sockets.Socket.AwaitableSocketAsyncEventArgs.ThrowException(SocketError error, CancellationToken cancellationToken)
   at System.Net.Sockets.Socket.AwaitableSocketAsyncEventArgs.System.Threading.Tasks.Sources.IValueTaskSource<System.Int32>.GetResult(Int16 token)
   at System.Net.Security.SslStream.EnsureFullTlsFrameAsync[TIOAdapter](TIOAdapter adapter)
   at System.Net.Security.SslStream.ReadAsyncInternal[TIOAdapter](TIOAdapter adapter, Memory`1 buffer)
   at System.Net.Http.HttpConnection.SendAsyncCore(HttpRequestMessage request, Boolean async, CancellationToken cancellationToken)
[2024-11-07 15:24:07Z ERR  BrokerServer] #####################################################
[2024-11-07 15:24:07Z ERR  BrokerServer] System.Net.Sockets.SocketException (995): L’opération d’entrée/sortie a été abandonnée en raison de l’arrêt d’un thread ou à la demande d’une application.
[2024-11-07 15:24:07Z WARN BrokerServer] Back off 13.214 seconds before next retry. 4 attempt left.
[2024-11-07 15:25:13Z ERR  GitHubActionsService] GET request to https://pipelinesghubeus5.actions.githubusercontent.com/wU1EL5gCyOwM3dHQfeRdcyMs6psp3rx4WgcPA2oxIgnfbvSgVD/_apis/distributedtask/pools/1/messages?sessionId=394a9f77-fd69-4269-a647-3e06e0094f6e&status=Online&runnerVersion=2.320.0&os=Windows&architecture=X64&disableUpdate=false failed. HTTP Status: Forbidden
[2024-11-07 15:25:13Z ERR  MessageListener] Catch exception during get next message.
[2024-11-07 15:25:13Z ERR  MessageListener] GitHub.DistributedTask.WebApi.AccessDeniedException: Access denied. System:ServiceIdentity;DDDDDDDD-DDDD-DDDD-DDDD-DDDDDDDDDDDD needs View permissions to perform the action.
   at GitHub.Services.WebApi.VssHttpClientBase.HandleResponseAsync(HttpResponseMessage response, CancellationToken cancellationToken)
   at GitHub.Services.WebApi.VssHttpClientBase.SendAsync(HttpRequestMessage message, HttpCompletionOption completionOption, Object userState, CancellationToken cancellationToken)
   at GitHub.Services.WebApi.VssHttpClientBase.SendAsync[T](HttpRequestMessage message, Object userState, CancellationToken cancellationToken)
   at GitHub.Services.WebApi.VssHttpClientBase.SendAsync[T](HttpMethod method, IEnumerable`1 additionalHeaders, Guid locationId, Object routeValues, ApiResourceVersion version, HttpContent content, IEnumerable`1 queryParameters, Object userState, CancellationToken cancellationToken)
   at GitHub.Runner.Listener.MessageListener.GetNextMessageAsync(CancellationToken token)
[2024-11-07 15:25:13Z INFO MessageListener] Non-retriable exception: Access denied. System:ServiceIdentity;DDDDDDDD-DDDD-DDDD-DDDD-DDDDDDDDDDDD needs View permissions to perform the action.
[2024-11-07 15:25:13Z INFO JobDispatcher] Shutting down JobDispatcher. Make sure all WorkerDispatcher has finished.
[2024-11-07 15:25:13Z INFO Runner] Deleting Runner Session...
[2024-11-07 15:25:13Z ERR  GitHubActionsService] DELETE request to https://pipelinesghubeus5.actions.githubusercontent.com/wU1EL5gCyOwM3dHQfeRdcyMs6psp3rx4WgcPA2oxIgnfbvSgVD/_apis/distributedtask/pools/1/sessions/394a9f77-fd69-4269-a647-3e06e0094f6e failed. HTTP Status: Forbidden
[2024-11-07 15:25:13Z ERR  Terminal] WRITE ERROR: An error occurred: Access denied. System:ServiceIdentity;DDDDDDDD-DDDD-DDDD-DDDD-DDDDDDDDDDDD needs View permissions to perform the action.
[2024-11-07 15:25:13Z ERR  Listener] GitHub.DistributedTask.WebApi.AccessDeniedException: Access denied. System:ServiceIdentity;DDDDDDDD-DDDD-DDDD-DDDD-DDDDDDDDDDDD needs View permissions to perform the action.
   at GitHub.Services.WebApi.VssHttpClientBase.HandleResponseAsync(HttpResponseMessage response, CancellationToken cancellationToken)
   at GitHub.Services.WebApi.VssHttpClientBase.SendAsync(HttpRequestMessage message, HttpCompletionOption completionOption, Object userState, CancellationToken cancellationToken)
   at GitHub.Services.WebApi.VssHttpClientBase.SendAsync(HttpMethod method, Guid locationId, Object routeValues, ApiResourceVersion version, HttpContent content, IEnumerable`1 queryParameters, Object userState, CancellationToken cancellationToken)
   at GitHub.DistributedTask.WebApi.TaskAgentHttpClientBase.DeleteAgentSessionAsync(Int32 poolId, Guid sessionId, Object userState, CancellationToken cancellationToken)
   at GitHub.Runner.Listener.MessageListener.DeleteSessionAsync()
   at GitHub.Runner.Listener.Runner.RunAsync(RunnerSettings settings, Boolean runOnce)
   at GitHub.Runner.Listener.Runner.ExecuteCommand(CommandSettings command)
   at GitHub.Runner.Listener.Program.MainAsync(IHostContext context, String[] args)
