[2024-11-07 14:43:29Z INFO HostContext] No proxy settings were found based on environmental variables (http_proxy/https_proxy/HTTP_PROXY/HTTPS_PROXY)
[2024-11-07 14:43:29Z INFO HostContext] Well known directory 'Bin': 'C:\Users\AdMin\Desktop\TP-sonar\actions-runner-win-x64-2.320.0\bin'
[2024-11-07 14:43:29Z INFO HostContext] Well known directory 'Root': 'C:\Users\AdMin\Desktop\TP-sonar\actions-runner-win-x64-2.320.0'
[2024-11-07 14:43:29Z INFO HostContext] Well known config file 'Credentials': 'C:\Users\AdMin\Desktop\TP-sonar\actions-runner-win-x64-2.320.0\.credentials'
[2024-11-07 14:43:29Z INFO HostContext] Well known directory 'Bin': 'C:\Users\AdMin\Desktop\TP-sonar\actions-runner-win-x64-2.320.0\bin'
[2024-11-07 14:43:29Z INFO HostContext] Well known directory 'Root': 'C:\Users\AdMin\Desktop\TP-sonar\actions-runner-win-x64-2.320.0'
[2024-11-07 14:43:29Z INFO HostContext] Well known config file 'Runner': 'C:\Users\AdMin\Desktop\TP-sonar\actions-runner-win-x64-2.320.0\.runner'
[2024-11-07 14:43:29Z INFO Listener] Runner is built for Windows (X64) - win-x64.
[2024-11-07 14:43:29Z INFO Listener] RuntimeInformation: Microsoft Windows 10.0.22000.
[2024-11-07 14:43:29Z INFO Listener] Version: 2.320.0
[2024-11-07 14:43:29Z INFO Listener] Commit: 78f21670b4a58aff19b5189207f54eb2bee324d1
[2024-11-07 14:43:29Z INFO Listener] Culture: ar-MA
[2024-11-07 14:43:29Z INFO Listener] UI Culture: fr-FR
[2024-11-07 14:43:29Z INFO HostContext] Well known directory 'Bin': 'C:\Users\AdMin\Desktop\TP-sonar\actions-runner-win-x64-2.320.0\bin'
[2024-11-07 14:43:29Z INFO HostContext] Well known directory 'Root': 'C:\Users\AdMin\Desktop\TP-sonar\actions-runner-win-x64-2.320.0'
[2024-11-07 14:43:29Z INFO Listener] Validating directory permissions for: 'C:\Users\AdMin\Desktop\TP-sonar\actions-runner-win-x64-2.320.0'
[2024-11-07 14:43:29Z INFO CommandLineParser] Parse
[2024-11-07 14:43:29Z INFO CommandLineParser] Parsing 5 args
[2024-11-07 14:43:29Z INFO CommandLineParser] parsing argument
[2024-11-07 14:43:29Z INFO CommandLineParser] HasArgs: False
[2024-11-07 14:43:29Z INFO CommandLineParser] Adding Command: configure
[2024-11-07 14:43:29Z INFO CommandLineParser] parsing argument
[2024-11-07 14:43:29Z INFO CommandLineParser] HasArgs: True
[2024-11-07 14:43:29Z INFO CommandLineParser] arg: url
[2024-11-07 14:43:29Z INFO CommandLineParser] parsing argument
[2024-11-07 14:43:29Z INFO CommandLineParser] HasArgs: True
[2024-11-07 14:43:29Z INFO CommandLineParser] Adding option 'url': 'https://github.com/AminaMesrar/TP-sonar'
[2024-11-07 14:43:29Z INFO CommandLineParser] parsing argument
[2024-11-07 14:43:29Z INFO CommandLineParser] HasArgs: True
[2024-11-07 14:43:29Z INFO CommandLineParser] arg: token
[2024-11-07 14:43:29Z INFO CommandLineParser] parsing argument
[2024-11-07 14:43:29Z INFO CommandLineParser] HasArgs: True
[2024-11-07 14:43:29Z INFO CommandLineParser] Adding option 'token': '***'
[2024-11-07 14:43:29Z INFO Listener] Arguments parsed
[2024-11-07 14:43:29Z INFO Runner] ExecuteCommand
[2024-11-07 14:43:29Z INFO ConfigurationStore] currentAssemblyLocation: C:\Users\AdMin\Desktop\TP-sonar\actions-runner-win-x64-2.320.0\bin\Runner.Listener.dll
[2024-11-07 14:43:29Z INFO HostContext] Well known directory 'Bin': 'C:\Users\AdMin\Desktop\TP-sonar\actions-runner-win-x64-2.320.0\bin'
[2024-11-07 14:43:29Z INFO ConfigurationStore] binPath: C:\Users\AdMin\Desktop\TP-sonar\actions-runner-win-x64-2.320.0\bin
[2024-11-07 14:43:29Z INFO HostContext] Well known directory 'Bin': 'C:\Users\AdMin\Desktop\TP-sonar\actions-runner-win-x64-2.320.0\bin'
[2024-11-07 14:43:29Z INFO HostContext] Well known directory 'Root': 'C:\Users\AdMin\Desktop\TP-sonar\actions-runner-win-x64-2.320.0'
[2024-11-07 14:43:29Z INFO ConfigurationStore] RootFolder: C:\Users\AdMin\Desktop\TP-sonar\actions-runner-win-x64-2.320.0
[2024-11-07 14:43:29Z INFO HostContext] Well known directory 'Bin': 'C:\Users\AdMin\Desktop\TP-sonar\actions-runner-win-x64-2.320.0\bin'
[2024-11-07 14:43:29Z INFO HostContext] Well known directory 'Root': 'C:\Users\AdMin\Desktop\TP-sonar\actions-runner-win-x64-2.320.0'
[2024-11-07 14:43:29Z INFO HostContext] Well known config file 'Runner': 'C:\Users\AdMin\Desktop\TP-sonar\actions-runner-win-x64-2.320.0\.runner'
[2024-11-07 14:43:29Z INFO ConfigurationStore] ConfigFilePath: C:\Users\AdMin\Desktop\TP-sonar\actions-runner-win-x64-2.320.0\.runner
[2024-11-07 14:43:29Z INFO HostContext] Well known directory 'Bin': 'C:\Users\AdMin\Desktop\TP-sonar\actions-runner-win-x64-2.320.0\bin'
[2024-11-07 14:43:29Z INFO HostContext] Well known directory 'Root': 'C:\Users\AdMin\Desktop\TP-sonar\actions-runner-win-x64-2.320.0'
[2024-11-07 14:43:29Z INFO HostContext] Well known config file 'Credentials': 'C:\Users\AdMin\Desktop\TP-sonar\actions-runner-win-x64-2.320.0\.credentials'
[2024-11-07 14:43:29Z INFO ConfigurationStore] CredFilePath: C:\Users\AdMin\Desktop\TP-sonar\actions-runner-win-x64-2.320.0\.credentials
[2024-11-07 14:43:29Z INFO HostContext] Well known directory 'Bin': 'C:\Users\AdMin\Desktop\TP-sonar\actions-runner-win-x64-2.320.0\bin'
[2024-11-07 14:43:29Z INFO HostContext] Well known directory 'Root': 'C:\Users\AdMin\Desktop\TP-sonar\actions-runner-win-x64-2.320.0'
[2024-11-07 14:43:29Z INFO HostContext] Well known config file 'MigratedCredentials': 'C:\Users\AdMin\Desktop\TP-sonar\actions-runner-win-x64-2.320.0\.credentials_migrated'
[2024-11-07 14:43:29Z INFO ConfigurationStore] MigratedCredFilePath: C:\Users\AdMin\Desktop\TP-sonar\actions-runner-win-x64-2.320.0\.credentials_migrated
[2024-11-07 14:43:29Z INFO HostContext] Well known directory 'Bin': 'C:\Users\AdMin\Desktop\TP-sonar\actions-runner-win-x64-2.320.0\bin'
[2024-11-07 14:43:29Z INFO HostContext] Well known directory 'Root': 'C:\Users\AdMin\Desktop\TP-sonar\actions-runner-win-x64-2.320.0'
[2024-11-07 14:43:29Z INFO HostContext] Well known config file 'Service': 'C:\Users\AdMin\Desktop\TP-sonar\actions-runner-win-x64-2.320.0\.service'
[2024-11-07 14:43:29Z INFO ConfigurationStore] ServiceConfigFilePath: C:\Users\AdMin\Desktop\TP-sonar\actions-runner-win-x64-2.320.0\.service
[2024-11-07 14:43:29Z INFO CommandSettings] Flag 'help': 'False'
[2024-11-07 14:43:29Z INFO CommandSettings] Flag 'version': 'False'
[2024-11-07 14:43:29Z INFO CommandSettings] Flag 'commit': 'False'
[2024-11-07 14:43:29Z INFO CommandSettings] Flag 'check': 'False'
[2024-11-07 14:43:29Z INFO CommandSettings] Command 'configure': 'True'
[2024-11-07 14:43:29Z INFO Terminal] WRITE LINE: 
[2024-11-07 14:43:29Z INFO Terminal] WRITE LINE: --------------------------------------------------------------------------------
[2024-11-07 14:43:29Z INFO Terminal] WRITE LINE: |        ____ _ _   _   _       _          _        _   _                      |
[2024-11-07 14:43:29Z INFO Terminal] WRITE LINE: |       / ___(_) |_| | | |_   _| |__      / \   ___| |_(_) ___  _ __  ___      |
[2024-11-07 14:43:29Z INFO Terminal] WRITE LINE: |      | |  _| | __| |_| | | | | '_ \    / _ \ / __| __| |/ _ \| '_ \/ __|     |
[2024-11-07 14:43:29Z INFO Terminal] WRITE LINE: |      | |_| | | |_|  _  | |_| | |_) |  / ___ \ (__| |_| | (_) | | | \__ \     |
[2024-11-07 14:43:29Z INFO Terminal] WRITE LINE: |       \____|_|\__|_| |_|\__,_|_.__/  /_/   \_\___|\__|_|\___/|_| |_|___/     |
[2024-11-07 14:43:29Z INFO Terminal] WRITE LINE: |                                                                              |
[2024-11-07 14:43:29Z INFO Terminal] WRITE: |                       
[2024-11-07 14:43:29Z INFO Terminal] WRITE: Self-hosted runner registration
[2024-11-07 14:43:29Z INFO Terminal] WRITE LINE:                         |
[2024-11-07 14:43:29Z INFO Terminal] WRITE LINE: |                                                                              |
[2024-11-07 14:43:29Z INFO Terminal] WRITE LINE: --------------------------------------------------------------------------------
[2024-11-07 14:43:29Z INFO ConfigurationManager] ConfigureAsync
[2024-11-07 14:43:29Z INFO CommandSettings] Flag 'generateServiceConfig': 'False'
[2024-11-07 14:43:29Z INFO ConfigurationStore] IsConfigured()
[2024-11-07 14:43:29Z INFO ConfigurationStore] IsConfigured: False
[2024-11-07 14:43:29Z INFO ConfigurationManager] Is configured: False
[2024-11-07 14:43:29Z INFO CommandSettings] Arg 'url': 'https://github.com/AminaMesrar/TP-sonar'
[2024-11-07 14:43:29Z INFO CommandSettings] Remove url from Arg dictionary.
[2024-11-07 14:43:29Z INFO CommandSettings] Arg 'token': '***'
[2024-11-07 14:43:29Z INFO CommandSettings] Remove token from Arg dictionary.
[2024-11-07 14:43:30Z INFO ConfigurationManager] Http response code: OK from 'POST https://api.github.com/actions/runner-registration' (06AA:325579:A87F6A:AA074E:672CD214)
[2024-11-07 14:43:30Z INFO ConfigurationManager] Using V2 flow: False
[2024-11-07 14:43:30Z INFO ConfigurationManager] cred retrieved via GitHub auth
[2024-11-07 14:43:30Z INFO RunnerServer] EstablishVssConnection
[2024-11-07 14:43:30Z INFO RunnerServer] Establish connection with 100 seconds timeout.
[2024-11-07 14:43:30Z INFO GitHubActionsService] Starting operation Location.GetConnectionData
[2024-11-07 14:43:30Z INFO RunnerServer] EstablishVssConnection
[2024-11-07 14:43:30Z INFO RunnerServer] Establish connection with 60 seconds timeout.
[2024-11-07 14:43:30Z INFO GitHubActionsService] Starting operation Location.GetConnectionData
[2024-11-07 14:43:30Z INFO RunnerServer] EstablishVssConnection
[2024-11-07 14:43:30Z INFO RunnerServer] Establish connection with 60 seconds timeout.
[2024-11-07 14:43:31Z INFO GitHubActionsService] Starting operation Location.GetConnectionData
[2024-11-07 14:43:31Z INFO GitHubActionsService] Finished operation Location.GetConnectionData
[2024-11-07 14:43:31Z INFO GitHubActionsService] Finished operation Location.GetConnectionData
[2024-11-07 14:43:31Z INFO GitHubActionsService] Finished operation Location.GetConnectionData
[2024-11-07 14:43:31Z INFO Terminal] WRITE LINE: 
[2024-11-07 14:43:31Z INFO ConfigurationManager] Test Connection complete.
[2024-11-07 14:43:31Z INFO HostContext] Well known directory 'Bin': 'C:\Users\AdMin\Desktop\TP-sonar\actions-runner-win-x64-2.320.0\bin'
[2024-11-07 14:43:31Z INFO HostContext] Well known directory 'Root': 'C:\Users\AdMin\Desktop\TP-sonar\actions-runner-win-x64-2.320.0'
[2024-11-07 14:43:31Z INFO HostContext] Well known config file 'RSACredentials': 'C:\Users\AdMin\Desktop\TP-sonar\actions-runner-win-x64-2.320.0\.credentials_rsaparams'
[2024-11-07 14:43:31Z INFO RSAEncryptedFileKeyManager] Found existing RSA key parameters file C:\Users\AdMin\Desktop\TP-sonar\actions-runner-win-x64-2.320.0\.credentials_rsaparams
[2024-11-07 14:43:32Z INFO CommandSettings] Arg 'runnergroup': ''
[2024-11-07 14:43:32Z INFO CommandSettings] Flag 'unattended': 'False'
[2024-11-07 14:43:32Z INFO PromptManager] ReadValue
[2024-11-07 14:43:32Z INFO Terminal] WRITE: Enter the name of the runner group to add this runner to: 
[2024-11-07 14:43:32Z INFO Terminal] WRITE: [press Enter for Default] 
[2024-11-07 14:43:32Z INFO Terminal] READ LINE
[2024-11-07 14:43:39Z INFO Terminal] Read value: ''
[2024-11-07 14:43:39Z INFO PromptManager] Falling back to the default: 'Default'
[2024-11-07 14:43:39Z INFO Terminal] WRITE LINE: 
[2024-11-07 14:43:39Z INFO ConfigurationManager] Found a self-hosted runner group with id 1 and name Default
[2024-11-07 14:43:39Z INFO CommandSettings] Flag 'disableupdate': 'False'
[2024-11-07 14:43:39Z INFO CommandSettings] Flag 'ephemeral': 'False'
[2024-11-07 14:43:39Z INFO CommandSettings] Arg 'name': ''
[2024-11-07 14:43:39Z INFO CommandSettings] Flag 'unattended': 'False'
[2024-11-07 14:43:39Z INFO PromptManager] ReadValue
[2024-11-07 14:43:39Z INFO Terminal] WRITE: Enter the name of runner: 
[2024-11-07 14:43:39Z INFO Terminal] WRITE: [press Enter for DESKTOP-R54TNBM] 
[2024-11-07 14:43:39Z INFO Terminal] READ LINE
[2024-11-07 14:43:44Z INFO Terminal] Read value: ''
[2024-11-07 14:43:44Z INFO PromptManager] Falling back to the default: 'DESKTOP-R54TNBM'
[2024-11-07 14:43:44Z INFO Terminal] WRITE LINE: 
[2024-11-07 14:43:44Z INFO CommandSettings] Arg 'labels': ''
[2024-11-07 14:43:44Z INFO CommandSettings] Flag 'unattended': 'False'
[2024-11-07 14:43:44Z INFO PromptManager] ReadValue
[2024-11-07 14:43:44Z INFO Terminal] WRITE: This runner will have the following labels: 'self-hosted', 'Windows', 'X64' 
Enter any additional labels (ex. label-1,label-2): 
[2024-11-07 14:43:44Z INFO Terminal] WRITE: [press Enter to skip] 
[2024-11-07 14:43:44Z INFO Terminal] READ LINE
[2024-11-07 14:43:45Z INFO Terminal] Read value: ''
[2024-11-07 14:43:45Z INFO Terminal] WRITE LINE: 
[2024-11-07 14:43:45Z INFO CommandSettings] Flag 'disableupdate': 'False'
[2024-11-07 14:43:45Z INFO CommandSettings] Flag 'no-default-labels': 'False'
[2024-11-07 14:43:45Z INFO CommandSettings] Flag 'disableupdate': 'False'
[2024-11-07 14:43:45Z INFO CommandSettings] Flag 'ephemeral': 'False'
[2024-11-07 14:43:45Z INFO ConfigurationStore] Saving OAuth credential @ C:\Users\AdMin\Desktop\TP-sonar\actions-runner-win-x64-2.320.0\.credentials
[2024-11-07 14:43:45Z INFO ConfigurationStore] Credentials Saved.
[2024-11-07 14:43:45Z INFO ConfigurationStore] HasCredentials()
[2024-11-07 14:43:45Z INFO ConfigurationStore] stored True
[2024-11-07 14:43:45Z INFO CredentialManager] GetCredentialProvider
[2024-11-07 14:43:45Z INFO CredentialManager] Creating type OAuth
[2024-11-07 14:43:45Z INFO CredentialManager] Creating credential type: OAuth
[2024-11-07 14:43:45Z INFO RSAEncryptedFileKeyManager] Loading RSA key parameters from file C:\Users\AdMin\Desktop\TP-sonar\actions-runner-win-x64-2.320.0\.credentials_rsaparams
[2024-11-07 14:43:45Z INFO RunnerServer] EstablishVssConnection
[2024-11-07 14:43:45Z INFO RunnerServer] Establish connection with 100 seconds timeout.
[2024-11-07 14:43:45Z INFO GitHubActionsService] Starting operation Location.GetConnectionData
[2024-11-07 14:43:45Z INFO RunnerServer] EstablishVssConnection
[2024-11-07 14:43:45Z INFO RunnerServer] Establish connection with 60 seconds timeout.
[2024-11-07 14:43:45Z INFO GitHubActionsService] Starting operation Location.GetConnectionData
[2024-11-07 14:43:45Z INFO RunnerServer] EstablishVssConnection
[2024-11-07 14:43:45Z INFO RunnerServer] Establish connection with 60 seconds timeout.
[2024-11-07 14:43:45Z INFO GitHubActionsService] Starting operation Location.GetConnectionData
[2024-11-07 14:43:46Z INFO GitHubActionsService] Finished operation Location.GetConnectionData
[2024-11-07 14:43:46Z INFO GitHubActionsService] Finished operation Location.GetConnectionData
[2024-11-07 14:43:46Z INFO GitHubActionsService] Finished operation Location.GetConnectionData
[2024-11-07 14:43:46Z INFO RSAEncryptedFileKeyManager] Loading RSA key parameters from file C:\Users\AdMin\Desktop\TP-sonar\actions-runner-win-x64-2.320.0\.credentials_rsaparams
[2024-11-07 14:43:46Z INFO RSAEncryptedFileKeyManager] Loading RSA key parameters from file C:\Users\AdMin\Desktop\TP-sonar\actions-runner-win-x64-2.320.0\.credentials_rsaparams
[2024-11-07 14:43:47Z INFO GitHubActionsService] AAD Correlation ID for this token request: Unknown
[2024-11-07 14:43:47Z INFO CommandSettings] Arg 'work': ''
[2024-11-07 14:43:47Z INFO CommandSettings] Flag 'unattended': 'False'
[2024-11-07 14:43:47Z INFO PromptManager] ReadValue
[2024-11-07 14:43:47Z INFO Terminal] WRITE: Enter name of work folder: 
[2024-11-07 14:43:47Z INFO Terminal] WRITE: [press Enter for _work] 
[2024-11-07 14:43:47Z INFO Terminal] READ LINE
[2024-11-07 14:43:52Z INFO Terminal] Read value: ''
[2024-11-07 14:43:52Z INFO PromptManager] Falling back to the default: '_work'
[2024-11-07 14:43:52Z INFO ConfigurationStore] Saving runner settings.
[2024-11-07 14:43:52Z INFO ConfigurationStore] Settings Saved.
[2024-11-07 14:43:52Z INFO Terminal] WRITE LINE: 
[2024-11-07 14:43:52Z INFO Terminal] WRITE LINE: 
[2024-11-07 14:43:52Z INFO CommandSettings] Flag 'runasservice': 'False'
[2024-11-07 14:43:52Z INFO CommandSettings] Flag 'unattended': 'False'
[2024-11-07 14:43:52Z INFO PromptManager] ReadValue
[2024-11-07 14:43:52Z INFO Terminal] WRITE: Would you like to run the runner as service? (Y/N) 
[2024-11-07 14:43:52Z INFO Terminal] WRITE: [press Enter for N] 
[2024-11-07 14:43:52Z INFO Terminal] READ LINE
[2024-11-07 14:43:55Z INFO Terminal] Read value: ''
[2024-11-07 14:43:55Z INFO PromptManager] Falling back to the default: 'N'
[2024-11-07 14:43:55Z INFO Listener] Runner execution has finished with return code 0
